0 verbose cli /usr/local/bin/node /usr/local/lib/node_modules/npm/bin/npm-cli.js
1 info using npm@11.6.2
2 info using node@v24.12.0
3 silly config load:file:/usr/local/lib/node_modules/npm/npmrc
4 silly config load:file:/Users/timur/maan-crm/.npmrc
5 silly config load:file:/Users/timur/.npmrc
6 silly config load:file:/usr/local/etc/npmrc
7 verbose title npm exec shadcn@latest add switch --yes
8 verbose argv "exec" "--cache" ".npm-cache" "--" "shadcn@latest" "add" "switch" "--yes"
9 verbose logfile logs-max:10 dir:/Users/timur/maan-crm/.npm-cache/_logs/2026-01-30T23_42_02_742Z-
10 verbose logfile /Users/timur/maan-crm/.npm-cache/_logs/2026-01-30T23_42_02_742Z-debug-0.log
11 silly logfile start cleaning logs, removing 1 files
12 silly logfile done cleaning log files
13 silly packumentCache heap:2348810240 maxSize:587202560 maxEntrySize:293601280
14 http fetch GET 200 https://registry.npmjs.org/shadcn 608ms (cache revalidated)
15 silly packumentCache heap:2348810240 maxSize:587202560 maxEntrySize:293601280
16 silly packumentCache heap:2348810240 maxSize:587202560 maxEntrySize:293601280
17 verbose cwd /Users/timur/maan-crm
18 verbose os Darwin 25.2.0
19 verbose node v24.12.0
20 verbose npm  v11.6.2
21 verbose exit 0
22 info ok
