0 verbose cli /usr/local/bin/node /usr/local/bin/npm
1 info using npm@11.6.2
2 info using node@v24.12.0
3 silly config load:file:/usr/local/lib/node_modules/npm/npmrc
4 silly config load:file:/Users/timur/maan-crm/.npmrc
5 silly config load:file:/Users/timur/.npmrc
6 silly config load:file:/usr/local/etc/npmrc
7 verbose title npm install @tanstack/react-table
8 verbose argv "install" "@tanstack/react-table" "--cache" ".npm-cache"
9 verbose logfile logs-max:10 dir:/Users/timur/maan-crm/.npm-cache/_logs/2026-01-30T23_34_31_686Z-
10 verbose logfile /Users/timur/maan-crm/.npm-cache/_logs/2026-01-30T23_34_31_686Z-debug-0.log
11 silly logfile start cleaning logs, removing 1 files
12 silly packumentCache heap:2348810240 maxSize:587202560 maxEntrySize:293601280
13 silly logfile done cleaning log files
14 silly idealTree buildDeps
15 silly fetch manifest @tanstack/react-table@*
16 silly packumentCache full:https://registry.npmjs.org/@tanstack%2freact-table cache-miss
17 http fetch GET 200 https://registry.npmjs.org/@tanstack%2freact-table 758ms (cache miss)
18 silly packumentCache full:https://registry.npmjs.org/@tanstack%2freact-table set size:undefined disposed:false
19 silly fetch manifest react@19.2.3
20 silly packumentCache full:https://registry.npmjs.org/react cache-miss
21 http cache https://registry.npmjs.org/react 12ms (cache hit)
22 silly packumentCache full:https://registry.npmjs.org/react set size:6438906 disposed:false
23 silly fetch manifest react-dom@19.2.3
24 silly packumentCache full:https://registry.npmjs.org/react-dom cache-miss
25 http cache https://registry.npmjs.org/react-dom 16ms (cache hit)
26 silly packumentCache full:https://registry.npmjs.org/react-dom set size:8506047 disposed:false
27 silly placeDep ROOT @tanstack/react-table@8.21.3 OK for: maan-crm@0.1.0 want: *
28 silly fetch manifest @tanstack/table-core@8.21.3
29 silly packumentCache full:https://registry.npmjs.org/@tanstack%2ftable-core cache-miss
30 http fetch GET 200 https://registry.npmjs.org/@tanstack%2ftable-core 194ms (cache miss)
31 silly packumentCache full:https://registry.npmjs.org/@tanstack%2ftable-core set size:undefined disposed:false
32 silly placeDep ROOT @tanstack/table-core@8.21.3 OK for: @tanstack/react-table@8.21.3 want: 8.21.3
33 silly reify moves {}
34 silly audit bulk request {
34 silly audit   '@alloc/quick-lru': [ '5.2.0' ],
34 silly audit   '@babel/code-frame': [ '7.28.6' ],
34 silly audit   '@babel/compat-data': [ '7.28.6' ],
34 silly audit   '@babel/core': [ '7.28.6' ],
34 silly audit   '@babel/generator': [ '7.28.6' ],
34 silly audit   '@babel/helper-compilation-targets': [ '7.28.6' ],
34 silly audit   '@babel/helper-globals': [ '7.28.0' ],
34 silly audit   '@babel/helper-module-imports': [ '7.28.6' ],
34 silly audit   '@babel/helper-module-transforms': [ '7.28.6' ],
34 silly audit   '@babel/helper-string-parser': [ '7.27.1' ],
34 silly audit   '@babel/helper-validator-identifier': [ '7.28.5' ],
34 silly audit   '@babel/helper-validator-option': [ '7.27.1' ],
34 silly audit   '@babel/helpers': [ '7.28.6' ],
34 silly audit   '@babel/parser': [ '7.28.6' ],
34 silly audit   '@babel/template': [ '7.28.6' ],
34 silly audit   '@babel/traverse': [ '7.28.6' ],
34 silly audit   '@babel/types': [ '7.28.6' ],
34 silly audit   '@cypress/request': [ '3.0.10' ],
34 silly audit   '@cypress/request-promise': [ '5.0.0' ],
34 silly audit   'tough-cookie': [ '4.1.4', '2.5.0', '5.1.2' ],
34 silly audit   '@date-fns/tz': [ '1.4.1' ],
34 silly audit   '@emnapi/core': [ '1.8.1' ],
34 silly audit   '@emnapi/runtime': [ '1.8.1' ],
34 silly audit   '@emnapi/wasi-threads': [ '1.1.0' ],
34 silly audit   '@eslint-community/eslint-utils': [ '4.9.1' ],
34 silly audit   'eslint-visitor-keys': [ '3.4.3', '4.2.1' ],
34 silly audit   '@eslint-community/regexpp': [ '4.12.2' ],
34 silly audit   '@eslint/config-array': [ '0.21.1' ],
34 silly audit   '@eslint/config-helpers': [ '0.4.2' ],
34 silly audit   '@eslint/core': [ '0.17.0' ],
34 silly audit   '@eslint/eslintrc': [ '3.3.3' ],
34 silly audit   '@eslint/js': [ '9.39.2' ],
34 silly audit   '@eslint/object-schema': [ '2.1.7' ],
34 silly audit   '@eslint/plugin-kit': [ '0.4.1' ],
34 silly audit   '@floating-ui/core': [ '1.7.4' ],
34 silly audit   '@floating-ui/dom': [ '1.7.5' ],
34 silly audit   '@floating-ui/react-dom': [ '2.1.7' ],
34 silly audit   '@floating-ui/utils': [ '0.2.10' ],
34 silly audit   '@hookform/resolvers': [ '5.2.2' ],
34 silly audit   '@humanfs/core': [ '0.19.1' ],
34 silly audit   '@humanfs/node': [ '0.16.7' ],
34 silly audit   '@humanwhocodes/module-importer': [ '1.0.1' ],
34 silly audit   '@humanwhocodes/retry': [ '0.4.3' ],
34 silly audit   '@img/colour': [ '1.0.0' ],
34 silly audit   '@img/sharp-darwin-arm64': [ '0.34.5' ],
34 silly audit   '@img/sharp-darwin-x64': [ '0.34.5' ],
34 silly audit   '@img/sharp-libvips-darwin-arm64': [ '1.2.4' ],
34 silly audit   '@img/sharp-libvips-darwin-x64': [ '1.2.4' ],
34 silly audit   '@img/sharp-libvips-linux-arm': [ '1.2.4' ],
34 silly audit   '@img/sharp-libvips-linux-arm64': [ '1.2.4' ],
34 silly audit   '@img/sharp-libvips-linux-ppc64': [ '1.2.4' ],
34 silly audit   '@img/sharp-libvips-linux-riscv64': [ '1.2.4' ],
34 silly audit   '@img/sharp-libvips-linux-s390x': [ '1.2.4' ],
34 silly audit   '@img/sharp-libvips-linux-x64': [ '1.2.4' ],
34 silly audit   '@img/sharp-libvips-linuxmusl-arm64': [ '1.2.4' ],
34 silly audit   '@img/sharp-libvips-linuxmusl-x64': [ '1.2.4' ],
34 silly audit   '@img/sharp-linux-arm': [ '0.34.5' ],
34 silly audit   '@img/sharp-linux-arm64': [ '0.34.5' ],
34 silly audit   '@img/sharp-linux-ppc64': [ '0.34.5' ],
34 silly audit   '@img/sharp-linux-riscv64': [ '0.34.5' ],
34 silly audit   '@img/sharp-linux-s390x': [ '0.34.5' ],
34 silly audit   '@img/sharp-linux-x64': [ '0.34.5' ],
34 silly audit   '@img/sharp-linuxmusl-arm64': [ '0.34.5' ],
34 silly audit   '@img/sharp-linuxmusl-x64': [ '0.34.5' ],
34 silly audit   '@img/sharp-wasm32': [ '0.34.5' ],
34 silly audit   '@img/sharp-win32-arm64': [ '0.34.5' ],
34 silly audit   '@img/sharp-win32-ia32': [ '0.34.5' ],
34 silly audit   '@img/sharp-win32-x64': [ '0.34.5' ],
34 silly audit   '@jridgewell/gen-mapping': [ '0.3.13' ],
34 silly audit   '@jridgewell/remapping': [ '2.3.5' ],
34 silly audit   '@jridgewell/resolve-uri': [ '3.1.2' ],
34 silly audit   '@jridgewell/sourcemap-codec': [ '1.5.5' ],
34 silly audit   '@jridgewell/trace-mapping': [ '0.3.31' ],
34 silly audit   '@napi-rs/wasm-runtime': [ '0.2.12' ],
34 silly audit   '@next/env': [ '16.1.6' ],
34 silly audit   '@next/eslint-plugin-next': [ '16.1.6' ],
34 silly audit   '@next/swc-darwin-arm64': [ '16.1.6' ],
34 silly audit   '@next/swc-darwin-x64': [ '16.1.6' ],
34 silly audit   '@next/swc-linux-arm64-gnu': [ '16.1.6' ],
34 silly audit   '@next/swc-linux-arm64-musl': [ '16.1.6' ],
34 silly audit   '@next/swc-linux-x64-gnu': [ '16.1.6' ],
34 silly audit   '@next/swc-linux-x64-musl': [ '16.1.6' ],
34 silly audit   '@next/swc-win32-arm64-msvc': [ '16.1.6' ],
34 silly audit   '@next/swc-win32-x64-msvc': [ '16.1.6' ],
34 silly audit   '@nodelib/fs.scandir': [ '2.1.5' ],
34 silly audit   '@nodelib/fs.stat': [ '2.0.5' ],
34 silly audit   '@nodelib/fs.walk': [ '1.2.8' ],
34 silly audit   '@nolyfill/is-core-module': [ '1.0.39' ],
34 silly audit   '@radix-ui/number': [ '1.1.1' ],
34 silly audit   '@radix-ui/primitive': [ '1.1.3' ],
34 silly audit   '@radix-ui/react-arrow': [ '1.1.7' ],
34 silly audit   '@radix-ui/react-primitive': [ '2.1.3', '2.1.4' ],
34 silly audit   '@radix-ui/react-slot': [ '1.2.3', '1.2.4' ],
34 silly audit   '@radix-ui/react-avatar': [ '1.1.11' ],
34 silly audit   '@radix-ui/react-context': [ '1.1.3', '1.1.2' ],
34 silly audit   '@radix-ui/react-collection': [ '1.1.7' ],
34 silly audit   '@radix-ui/react-compose-refs': [ '1.1.2' ],
34 silly audit   '@radix-ui/react-context-menu': [ '2.2.16' ],
34 silly audit   '@radix-ui/react-dialog': [ '1.1.15' ],
34 silly audit   '@radix-ui/react-direction': [ '1.1.1' ],
34 silly audit   '@radix-ui/react-dismissable-layer': [ '1.1.11' ],
34 silly audit   '@radix-ui/react-dropdown-menu': [ '2.1.16' ],
34 silly audit   '@radix-ui/react-focus-guards': [ '1.1.3' ],
34 silly audit   '@radix-ui/react-focus-scope': [ '1.1.7' ],
34 silly audit   '@radix-ui/react-id': [ '1.1.1' ],
34 silly audit   '@radix-ui/react-label': [ '2.1.8' ],
34 silly audit   '@radix-ui/react-menu': [ '2.1.16' ],
34 silly audit   '@radix-ui/react-popover': [ '1.1.15' ],
34 silly audit   '@radix-ui/react-popper': [ '1.2.8' ],
34 silly audit   '@radix-ui/react-portal': [ '1.1.9' ],
34 silly audit   '@radix-ui/react-presence': [ '1.1.5' ],
34 silly audit   '@radix-ui/react-roving-focus': [ '1.1.11' ],
34 silly audit   '@radix-ui/react-select': [ '2.2.6' ],
34 silly audit   '@radix-ui/react-separator': [ '1.1.8' ],
34 silly audit   '@radix-ui/react-switch': [ '1.2.6' ],
34 silly audit   '@radix-ui/react-tabs': [ '1.1.13' ],
34 silly audit   '@radix-ui/react-use-callback-ref': [ '1.1.1' ],
34 silly audit   '@radix-ui/react-use-controllable-state': [ '1.2.2' ],
34 silly audit   '@radix-ui/react-use-effect-event': [ '0.0.2' ],
34 silly audit   '@radix-ui/react-use-escape-keydown': [ '1.1.1' ],
34 silly audit   '@radix-ui/react-use-is-hydrated': [ '0.1.0' ],
34 silly audit   '@radix-ui/react-use-layout-effect': [ '1.1.1' ],
34 silly audit   '@radix-ui/react-use-previous': [ '1.1.1' ],
34 silly audit   '@radix-ui/react-use-rect': [ '1.1.1' ],
34 silly audit   '@radix-ui/react-use-size': [ '1.1.1' ],
34 silly audit   '@radix-ui/react-visually-hidden': [ '1.2.3' ],
34 silly audit   '@radix-ui/rect': [ '1.1.1' ],
34 silly audit   '@reduxjs/toolkit': [ '2.11.2' ],
34 silly audit   immer: [ '11.1.3', '10.2.0' ],
34 silly audit   '@rtsao/scc': [ '1.1.0' ],
34 silly audit   '@standard-schema/spec': [ '1.1.0' ],
34 silly audit   '@standard-schema/utils': [ '0.3.0' ],
34 silly audit   '@supabase/auth-js': [ '2.93.3' ],
34 silly audit   '@supabase/functions-js': [ '2.93.3' ],
34 silly audit   '@supabase/postgrest-js': [ '2.93.3' ],
34 silly audit   '@supabase/realtime-js': [ '2.93.3' ],
34 silly audit   '@supabase/ssr': [ '0.8.0' ],
34 silly audit   '@supabase/storage-js': [ '2.93.3' ],
34 silly audit   '@supabase/supabase-js': [ '2.93.3' ],
34 silly audit   '@swc/helpers': [ '0.5.15' ],
34 silly audit   '@tailwindcss/node': [ '4.1.18' ],
34 silly audit   '@tailwindcss/oxide': [ '4.1.18' ],
34 silly audit   '@tailwindcss/oxide-android-arm64': [ '4.1.18' ],
34 silly audit   '@tailwindcss/oxide-darwin-arm64': [ '4.1.18' ],
34 silly audit   '@tailwindcss/oxide-darwin-x64': [ '4.1.18' ],
34 silly audit   '@tailwindcss/oxide-freebsd-x64': [ '4.1.18' ],
34 silly audit   '@tailwindcss/oxide-linux-arm-gnueabihf': [ '4.1.18' ],
34 silly audit   '@tailwindcss/oxide-linux-arm64-gnu': [ '4.1.18' ],
34 silly audit   '@tailwindcss/oxide-linux-arm64-musl': [ '4.1.18' ],
34 silly audit   '@tailwindcss/oxide-linux-x64-gnu': [ '4.1.18' ],
34 silly audit   '@tailwindcss/oxide-linux-x64-musl': [ '4.1.18' ],
34 silly audit   '@tailwindcss/oxide-wasm32-wasi': [ '4.1.18' ],
34 silly audit   '@tailwindcss/oxide-win32-arm64-msvc': [ '4.1.18' ],
34 silly audit   '@tailwindcss/oxide-win32-x64-msvc': [ '4.1.18' ],
34 silly audit   '@tailwindcss/postcss': [ '4.1.18' ],
34 silly audit   '@tybys/wasm-util': [ '0.10.1' ],
34 silly audit   '@types/caseless': [ '0.12.5' ],
34 silly audit   '@types/d3-array': [ '3.2.2' ],
34 silly audit   '@types/d3-color': [ '3.1.3' ],
34 silly audit   '@types/d3-ease': [ '3.0.2' ],
34 silly audit   '@types/d3-interpolate': [ '3.0.4' ],
34 silly audit   '@types/d3-path': [ '3.1.1' ],
34 silly audit   '@types/d3-scale': [ '4.0.9' ],
34 silly audit   '@types/d3-shape': [ '3.1.8' ],
34 silly audit   '@types/d3-time': [ '3.0.4' ],
34 silly audit   '@types/d3-timer': [ '3.0.2' ],
34 silly audit   '@types/estree': [ '1.0.8' ],
34 silly audit   '@types/json-schema': [ '7.0.15' ],
34 silly audit   '@types/json5': [ '0.0.29' ],
34 silly audit   '@types/node': [ '20.19.30' ],
34 silly audit   '@types/node-telegram-bot-api': [ '0.64.13' ],
34 silly audit   '@types/phoenix': [ '1.6.7' ],
34 silly audit   '@types/react': [ '19.2.10' ],
34 silly audit   '@types/react-dom': [ '19.2.3' ],
34 silly audit   '@types/request': [ '2.48.13' ],
34 silly audit   'form-data': [ '2.5.5', '4.0.5', '2.3.3' ],
34 silly audit   '@types/tough-cookie': [ '4.0.5' ],
34 silly audit   '@types/use-sync-external-store': [ '0.0.6' ],
34 silly audit   '@types/ws': [ '8.18.1' ],
34 silly audit   '@typescript-eslint/eslint-plugin': [ '8.54.0' ],
34 silly audit   ignore: [ '7.0.5', '5.3.2' ],
34 silly audit   '@typescript-eslint/parser': [ '8.54.0' ],
34 silly audit   '@typescript-eslint/project-service': [ '8.54.0' ],
34 silly audit   '@typescript-eslint/scope-manager': [ '8.54.0' ],
34 silly audit   '@typescript-eslint/tsconfig-utils': [ '8.54.0' ],
34 silly audit   '@typescript-eslint/type-utils': [ '8.54.0' ],
34 silly audit   '@typescript-eslint/types': [ '8.54.0' ],
34 silly audit   '@typescript-eslint/typescript-estree': [ '8.54.0' ],
34 silly audit   'brace-expansion': [ '2.0.2', '1.1.12' ],
34 silly audit   minimatch: [ '9.0.5', '3.1.2' ],
34 silly audit   semver: [ '7.7.3', '6.3.1' ],
34 silly audit   '@typescript-eslint/utils': [ '8.54.0' ],
34 silly audit   '@typescript-eslint/visitor-keys': [ '8.54.0' ],
34 silly audit   '@unrs/resolver-binding-android-arm-eabi': [ '1.11.1' ],
34 silly audit   '@unrs/resolver-binding-android-arm64': [ '1.11.1' ],
34 silly audit   '@unrs/resolver-binding-darwin-arm64': [ '1.11.1' ],
34 silly audit   '@unrs/resolver-binding-darwin-x64': [ '1.11.1' ],
34 silly audit   '@unrs/resolver-binding-freebsd-x64': [ '1.11.1' ],
34 silly audit   '@unrs/resolver-binding-linux-arm-gnueabihf': [ '1.11.1' ],
34 silly audit   '@unrs/resolver-binding-linux-arm-musleabihf': [ '1.11.1' ],
34 silly audit   '@unrs/resolver-binding-linux-arm64-gnu': [ '1.11.1' ],
34 silly audit   '@unrs/resolver-binding-linux-arm64-musl': [ '1.11.1' ],
34 silly audit   '@unrs/resolver-binding-linux-ppc64-gnu': [ '1.11.1' ],
34 silly audit   '@unrs/resolver-binding-linux-riscv64-gnu': [ '1.11.1' ],
34 silly audit   '@unrs/resolver-binding-linux-riscv64-musl': [ '1.11.1' ],
34 silly audit   '@unrs/resolver-binding-linux-s390x-gnu': [ '1.11.1' ],
34 silly audit   '@unrs/resolver-binding-linux-x64-gnu': [ '1.11.1' ],
34 silly audit   '@unrs/resolver-binding-linux-x64-musl': [ '1.11.1' ],
34 silly audit   '@unrs/resolver-binding-wasm32-wasi': [ '1.11.1' ],
34 silly audit   '@unrs/resolver-binding-win32-arm64-msvc': [ '1.11.1' ],
34 silly audit   '@unrs/resolver-binding-win32-ia32-msvc': [ '1.11.1' ],
34 silly audit   '@unrs/resolver-binding-win32-x64-msvc': [ '1.11.1' ],
34 silly audit   acorn: [ '8.15.0' ],
34 silly audit   'acorn-jsx': [ '5.3.2' ],
34 silly audit   ajv: [ '6.12.6' ],
34 silly audit   'ansi-styles': [ '4.3.0' ],
34 silly audit   argparse: [ '2.0.1' ],
34 silly audit   'aria-hidden': [ '1.2.6' ],
34 silly audit   'aria-query': [ '5.3.2' ],
34 silly audit   'array-buffer-byte-length': [ '1.0.2' ],
34 silly audit   'array-includes': [ '3.1.9' ],
34 silly audit   'array.prototype.findindex': [ '2.2.4' ],
34 silly audit   'array.prototype.findlast': [ '1.2.5' ],
34 silly audit   'array.prototype.findlastindex': [ '1.2.6' ],
34 silly audit   'array.prototype.flat': [ '1.3.3' ],
34 silly audit   'array.prototype.flatmap': [ '1.3.3' ],
34 silly audit   'array.prototype.tosorted': [ '1.1.4' ],
34 silly audit   'arraybuffer.prototype.slice': [ '1.0.4' ],
34 silly audit   asn1: [ '0.2.6' ],
34 silly audit   'assert-plus': [ '1.0.0' ],
34 silly audit   'ast-types-flow': [ '0.0.8' ],
34 silly audit   'async-function': [ '1.0.0' ],
34 silly audit   asynckit: [ '0.4.0' ],
34 silly audit   'available-typed-arrays': [ '1.0.7' ],
34 silly audit   'aws-sign2': [ '0.7.0' ],
34 silly audit   aws4: [ '1.13.2' ],
34 silly audit   'axe-core': [ '4.11.1' ],
34 silly audit   'axobject-query': [ '4.1.0' ],
34 silly audit   'balanced-match': [ '1.0.2' ],
34 silly audit   'baseline-browser-mapping': [ '2.9.19' ],
34 silly audit   'bcrypt-pbkdf': [ '1.0.2' ],
34 silly audit   bl: [ '1.2.3' ],
34 silly audit   bluebird: [ '3.7.2' ],
34 silly audit   braces: [ '3.0.3' ],
34 silly audit   browserslist: [ '4.28.1' ],
34 silly audit   'call-bind': [ '1.0.8' ],
34 silly audit   'call-bind-apply-helpers': [ '1.0.2' ],
34 silly audit   'call-bound': [ '1.0.4' ],
34 silly audit   callsites: [ '3.1.0' ],
34 silly audit   'caniuse-lite': [ '1.0.30001766' ],
34 silly audit   caseless: [ '0.12.0' ],
34 silly audit   chalk: [ '4.1.2' ],
34 silly audit   'class-variance-authority': [ '0.7.1' ],
34 silly audit   'client-only': [ '0.0.1' ],
34 silly audit   clsx: [ '2.1.1' ],
34 silly audit   cmdk: [ '1.1.1' ],
34 silly audit   'color-convert': [ '2.0.1' ],
34 silly audit   'color-name': [ '1.1.4' ],
34 silly audit   'combined-stream': [ '1.0.8' ],
34 silly audit   'concat-map': [ '0.0.1' ],
34 silly audit   'convert-source-map': [ '2.0.0' ],
34 silly audit   cookie: [ '1.1.1' ],
34 silly audit   'core-util-is': [ '1.0.3', '1.0.2' ],
34 silly audit   'cross-spawn': [ '7.0.6' ],
34 silly audit   csstype: [ '3.2.3' ],
34 silly audit   'd3-array': [ '3.2.4' ],
34 silly audit   'd3-color': [ '3.1.0' ],
34 silly audit   'd3-ease': [ '3.0.1' ],
34 silly audit   'd3-format': [ '3.1.2' ],
34 silly audit   'd3-interpolate': [ '3.0.1' ],
34 silly audit   'd3-path': [ '3.1.0' ],
34 silly audit   'd3-scale': [ '4.0.2' ],
34 silly audit   'd3-shape': [ '3.2.0' ],
34 silly audit   'd3-time': [ '3.1.0' ],
34 silly audit   'd3-time-format': [ '4.1.0' ],
34 silly audit   'd3-timer': [ '3.0.1' ],
34 silly audit   'damerau-levenshtein': [ '1.0.8' ],
34 silly audit   dashdash: [ '1.14.1' ],
34 silly audit   'data-view-buffer': [ '1.0.2' ],
34 silly audit   'data-view-byte-length': [ '1.0.2' ],
34 silly audit   'data-view-byte-offset': [ '1.0.1' ],
34 silly audit   'date-fns': [ '4.1.0' ],
34 silly audit   'date-fns-jalali': [ '4.1.0-0' ],
34 silly audit   debug: [ '4.4.3', '3.2.7' ],
34 silly audit   'decimal.js-light': [ '2.5.1' ],
34 silly audit   'deep-is': [ '0.1.4' ],
34 silly audit   'define-data-property': [ '1.1.4' ],
34 silly audit   'define-properties': [ '1.2.1' ],
34 silly audit   'delayed-stream': [ '1.0.0' ],
34 silly audit   'detect-libc': [ '2.1.2' ],
34 silly audit   'detect-node-es': [ '1.1.0' ],
34 silly audit   doctrine: [ '2.1.0' ],
34 silly audit   'dunder-proto': [ '1.0.1' ],
34 silly audit   'ecc-jsbn': [ '0.1.2' ],
34 silly audit   'electron-to-chromium': [ '1.5.283' ],
34 silly audit   'emoji-regex': [ '9.2.2' ],
34 silly audit   'end-of-stream': [ '1.4.5' ],
34 silly audit   'enhanced-resolve': [ '5.18.4' ],
34 silly audit   'es-abstract': [ '1.24.1' ],
34 silly audit   'es-define-property': [ '1.0.1' ],
34 silly audit   'es-errors': [ '1.3.0' ],
34 silly audit   'es-iterator-helpers': [ '1.2.2' ],
34 silly audit   'es-object-atoms': [ '1.1.1' ],
34 silly audit   'es-set-tostringtag': [ '2.1.0' ],
34 silly audit   'es-shim-unscopables': [ '1.1.0' ],
34 silly audit   'es-to-primitive': [ '1.3.0' ],
34 silly audit   'es-toolkit': [ '1.44.0' ],
34 silly audit   escalade: [ '3.2.0' ],
34 silly audit   'escape-string-regexp': [ '4.0.0' ],
34 silly audit   eslint: [ '9.39.2' ],
34 silly audit   'eslint-config-next': [ '16.1.6' ],
34 silly audit   globals: [ '16.4.0', '14.0.0' ],
34 silly audit   'eslint-import-resolver-node': [ '0.3.9' ],
34 silly audit   'eslint-import-resolver-typescript': [ '3.10.1' ],
34 silly audit   'eslint-module-utils': [ '2.12.1' ],
34 silly audit   'eslint-plugin-import': [ '2.32.0' ],
34 silly audit   'eslint-plugin-jsx-a11y': [ '6.10.2' ],
34 silly audit   'eslint-plugin-react': [ '7.37.5' ],
34 silly audit   'eslint-plugin-react-hooks': [ '7.0.1' ],
34 silly audit   resolve: [ '2.0.0-next.5', '1.22.11' ],
34 silly audit   'eslint-scope': [ '8.4.0' ],
34 silly audit   espree: [ '10.4.0' ],
34 silly audit   esquery: [ '1.7.0' ],
34 silly audit   esrecurse: [ '4.3.0' ],
34 silly audit   estraverse: [ '5.3.0' ],
34 silly audit   esutils: [ '2.0.3' ],
34 silly audit   eventemitter3: [ '3.1.2', '5.0.4' ],
34 silly audit   extend: [ '3.0.2' ],
34 silly audit   extsprintf: [ '1.3.0' ],
34 silly audit   'fast-deep-equal': [ '3.1.3' ],
34 silly audit   'fast-glob': [ '3.3.1' ],
34 silly audit   'glob-parent': [ '5.1.2', '6.0.2' ],
34 silly audit   'fast-json-stable-stringify': [ '2.1.0' ],
34 silly audit   'fast-levenshtein': [ '2.0.6' ],
34 silly audit   fastq: [ '1.20.1' ],
34 silly audit   'file-entry-cache': [ '8.0.0' ],
34 silly audit   'file-type': [ '3.9.0' ],
34 silly audit   'fill-range': [ '7.1.1' ],
34 silly audit   'find-up': [ '5.0.0' ],
34 silly audit   'flat-cache': [ '4.0.1' ],
34 silly audit   flatted: [ '3.3.3' ],
34 silly audit   'for-each': [ '0.3.5' ],
34 silly audit   'forever-agent': [ '0.6.1' ],
34 silly audit   'function-bind': [ '1.1.2' ],
34 silly audit   'function.prototype.name': [ '1.1.8' ],
34 silly audit   'functions-have-names': [ '1.2.3' ],
34 silly audit   'generator-function': [ '2.0.1' ],
34 silly audit   gensync: [ '1.0.0-beta.2' ],
34 silly audit   'get-intrinsic': [ '1.3.0' ],
34 silly audit   'get-nonce': [ '1.0.1' ],
34 silly audit   'get-proto': [ '1.0.1' ],
34 silly audit   'get-symbol-description': [ '1.1.0' ],
34 silly audit   'get-tsconfig': [ '4.13.1' ],
34 silly audit   getpass: [ '0.1.7' ],
34 silly audit   globalthis: [ '1.0.4' ],
34 silly audit   gopd: [ '1.2.0' ],
34 silly audit   'graceful-fs': [ '4.2.11' ],
34 silly audit   'har-schema': [ '2.0.0' ],
34 silly audit   'har-validator': [ '5.1.5' ],
34 silly audit   'has-bigints': [ '1.1.0' ],
34 silly audit   'has-flag': [ '4.0.0' ],
34 silly audit   'has-property-descriptors': [ '1.0.2' ],
34 silly audit   'has-proto': [ '1.2.0' ],
34 silly audit   'has-symbols': [ '1.1.0' ],
34 silly audit   'has-tostringtag': [ '1.0.2' ],
34 silly audit   hasown: [ '2.0.2' ],
34 silly audit   'hermes-estree': [ '0.25.1' ],
34 silly audit   'hermes-parser': [ '0.25.1' ],
34 silly audit   'http-signature': [ '1.4.0', '1.2.0' ],
34 silly audit   'iceberg-js': [ '0.8.1' ],
34 silly audit   'import-fresh': [ '3.3.1' ],
34 silly audit   imurmurhash: [ '0.1.4' ],
34 silly audit   inherits: [ '2.0.4' ],
34 silly audit   'internal-slot': [ '1.1.0' ],
34 silly audit   internmap: [ '2.0.3' ],
34 silly audit   'is-array-buffer': [ '3.0.5' ],
34 silly audit   'is-async-function': [ '2.1.1' ],
34 silly audit   'is-bigint': [ '1.1.0' ],
34 silly audit   'is-boolean-object': [ '1.2.2' ],
34 silly audit   'is-bun-module': [ '2.0.0' ],
34 silly audit   'is-callable': [ '1.2.7' ],
34 silly audit   'is-core-module': [ '2.16.1' ],
34 silly audit   'is-data-view': [ '1.0.2' ],
34 silly audit   'is-date-object': [ '1.1.0' ],
34 silly audit   'is-extglob': [ '2.1.1' ],
34 silly audit   'is-finalizationregistry': [ '1.1.1' ],
34 silly audit   'is-generator-function': [ '1.1.2' ],
34 silly audit   'is-glob': [ '4.0.3' ],
34 silly audit   'is-map': [ '2.0.3' ],
34 silly audit   'is-negative-zero': [ '2.0.3' ],
34 silly audit   'is-number': [ '7.0.0' ],
34 silly audit   'is-number-object': [ '1.1.1' ],
34 silly audit   'is-regex': [ '1.2.1' ],
34 silly audit   'is-set': [ '2.0.3' ],
34 silly audit   'is-shared-array-buffer': [ '1.0.4' ],
34 silly audit   'is-string': [ '1.1.1' ],
34 silly audit   'is-symbol': [ '1.1.1' ],
34 silly audit   'is-typed-array': [ '1.1.15' ],
34 silly audit   'is-typedarray': [ '1.0.0' ],
34 silly audit   'is-weakmap': [ '2.0.2' ],
34 silly audit   'is-weakref': [ '1.1.1' ],
34 silly audit   'is-weakset': [ '2.0.4' ],
34 silly audit   isarray: [ '2.0.5', '1.0.0' ],
34 silly audit   isexe: [ '2.0.0' ],
34 silly audit   isstream: [ '0.1.2' ],
34 silly audit   'iterator.prototype': [ '1.1.5' ],
34 silly audit   jiti: [ '2.6.1' ],
34 silly audit   'js-tokens': [ '4.0.0' ],
34 silly audit   'js-yaml': [ '4.1.1' ],
34 silly audit   jsbn: [ '0.1.1' ],
34 silly audit   jsesc: [ '3.1.0' ],
34 silly audit   'json-buffer': [ '3.0.1' ],
34 silly audit   'json-schema': [ '0.4.0' ],
34 silly audit   'json-schema-traverse': [ '0.4.1' ],
34 silly audit   'json-stable-stringify-without-jsonify': [ '1.0.1' ],
34 silly audit   'json-stringify-safe': [ '5.0.1' ],
34 silly audit   json5: [ '2.2.3', '1.0.2' ],
34 silly audit   jsprim: [ '2.0.2', '1.4.2' ],
34 silly audit   'jsx-ast-utils': [ '3.3.5' ],
34 silly audit   keyv: [ '4.5.4' ],
34 silly audit   'language-subtag-registry': [ '0.3.23' ],
34 silly audit   'language-tags': [ '1.0.9' ],
34 silly audit   levn: [ '0.4.1' ],
34 silly audit   lightningcss: [ '1.30.2' ],
34 silly audit   'lightningcss-android-arm64': [ '1.30.2' ],
34 silly audit   'lightningcss-darwin-arm64': [ '1.30.2' ],
34 silly audit   'lightningcss-darwin-x64': [ '1.30.2' ],
34 silly audit   'lightningcss-freebsd-x64': [ '1.30.2' ],
34 silly audit   'lightningcss-linux-arm-gnueabihf': [ '1.30.2' ],
34 silly audit   'lightningcss-linux-arm64-gnu': [ '1.30.2' ],
34 silly audit   'lightningcss-linux-arm64-musl': [ '1.30.2' ],
34 silly audit   'lightningcss-linux-x64-gnu': [ '1.30.2' ],
34 silly audit   'lightningcss-linux-x64-musl': [ '1.30.2' ],
34 silly audit   'lightningcss-win32-arm64-msvc': [ '1.30.2' ],
34 silly audit   'lightningcss-win32-x64-msvc': [ '1.30.2' ],
34 silly audit   'locate-path': [ '6.0.0' ],
34 silly audit   lodash: [ '4.17.23' ],
34 silly audit   'lodash.merge': [ '4.6.2' ],
34 silly audit   'loose-envify': [ '1.4.0' ],
34 silly audit   'lru-cache': [ '5.1.1' ],
34 silly audit   'lucide-react': [ '0.563.0' ],
34 silly audit   'magic-string': [ '0.30.21' ],
34 silly audit   'math-intrinsics': [ '1.1.0' ],
34 silly audit   merge2: [ '1.4.1' ],
34 silly audit   micromatch: [ '4.0.8' ],
34 silly audit   mime: [ '1.6.0' ],
34 silly audit   'mime-db': [ '1.52.0' ],
34 silly audit   'mime-types': [ '2.1.35' ],
34 silly audit   minimist: [ '1.2.8' ],
34 silly audit   ms: [ '2.1.3' ],
34 silly audit   nanoid: [ '3.3.11' ],
34 silly audit   'napi-postinstall': [ '0.3.4' ],
34 silly audit   'natural-compare': [ '1.4.0' ],
34 silly audit   next: [ '16.1.6' ],
34 silly audit   'next-themes': [ '0.4.6' ],
34 silly audit   postcss: [ '8.4.31', '8.5.6' ],
34 silly audit   'node-releases': [ '2.0.27' ],
34 silly audit   'node-telegram-bot-api': [ '0.67.0' ],
34 silly audit   'oauth-sign': [ '0.9.0' ],
34 silly audit   'object-assign': [ '4.1.1' ],
34 silly audit   'object-inspect': [ '1.13.4' ],
34 silly audit   'object-keys': [ '1.1.1' ],
34 silly audit   'object.assign': [ '4.1.7' ],
34 silly audit   'object.entries': [ '1.1.9' ],
34 silly audit   'object.fromentries': [ '2.0.8' ],
34 silly audit   'object.groupby': [ '1.0.3' ],
34 silly audit   'object.values': [ '1.2.1' ],
34 silly audit   once: [ '1.4.0' ],
34 silly audit   optionator: [ '0.9.4' ],
34 silly audit   'own-keys': [ '1.0.1' ],
34 silly audit   'p-limit': [ '3.1.0' ],
34 silly audit   'p-locate': [ '5.0.0' ],
34 silly audit   'parent-module': [ '1.0.1' ],
34 silly audit   'path-exists': [ '4.0.0' ],
34 silly audit   'path-key': [ '3.1.1' ],
34 silly audit   'path-parse': [ '1.0.7' ],
34 silly audit   'performance-now': [ '2.1.0' ],
34 silly audit   picocolors: [ '1.1.1' ],
34 silly audit   picomatch: [ '2.3.1', '4.0.3' ],
34 silly audit   'possible-typed-array-names': [ '1.1.0' ],
34 silly audit   'prelude-ls': [ '1.2.1' ],
34 silly audit   'process-nextick-args': [ '2.0.1' ],
34 silly audit   'prop-types': [ '15.8.1' ],
34 silly audit   psl: [ '1.15.0' ],
34 silly audit   pump: [ '2.0.1' ],
34 silly audit   punycode: [ '2.3.1' ],
34 silly audit   qs: [ '6.14.1', '6.5.3' ],
34 silly audit   querystringify: [ '2.2.0' ],
34 silly audit   'queue-microtask': [ '1.2.3' ],
34 silly audit   react: [ '19.2.3' ],
34 silly audit   'react-day-picker': [ '9.13.0' ],
34 silly audit   'react-dom': [ '19.2.3' ],
34 silly audit   'react-hook-form': [ '7.71.1' ],
34 silly audit   'react-is': [ '16.13.1' ],
34 silly audit   'react-redux': [ '9.2.0' ],
34 silly audit   'react-remove-scroll': [ '2.7.2' ],
34 silly audit   'react-remove-scroll-bar': [ '2.3.8' ],
34 silly audit   'react-style-singleton': [ '2.2.3' ],
34 silly audit   'readable-stream': [ '2.3.8' ],
34 silly audit   'safe-buffer': [ '5.1.2', '5.2.1' ],
34 silly audit   recharts: [ '3.7.0' ],
34 silly audit   redux: [ '5.0.1' ],
34 silly audit   'redux-thunk': [ '3.1.0' ],
34 silly audit   'reflect.getprototypeof': [ '1.0.10' ],
34 silly audit   'regexp.prototype.flags': [ '1.5.4' ],
34 silly audit   request: [ '2.88.2' ],
34 silly audit   'request-promise-core': [ '1.1.3' ],
34 silly audit   uuid: [ '3.4.0', '8.3.2' ],
34 silly audit   'requires-port': [ '1.0.0' ],
34 silly audit   reselect: [ '5.1.1' ],
34 silly audit   'resolve-from': [ '4.0.0' ],
34 silly audit   'resolve-pkg-maps': [ '1.0.0' ],
34 silly audit   reusify: [ '1.1.0' ],
34 silly audit   'run-parallel': [ '1.2.0' ],
34 silly audit   'safe-array-concat': [ '1.1.3' ],
34 silly audit   'safe-push-apply': [ '1.0.0' ],
34 silly audit   'safe-regex-test': [ '1.1.0' ],
34 silly audit   'safer-buffer': [ '2.1.2' ],
34 silly audit   scheduler: [ '0.27.0' ],
34 silly audit   'set-function-length': [ '1.2.2' ],
34 silly audit   'set-function-name': [ '2.0.2' ],
34 silly audit   'set-proto': [ '1.0.0' ],
34 silly audit   sharp: [ '0.34.5' ],
34 silly audit   'shebang-command': [ '2.0.0' ],
34 silly audit   'shebang-regex': [ '3.0.0' ],
34 silly audit   'side-channel': [ '1.1.0' ],
34 silly audit   'side-channel-list': [ '1.0.0' ],
34 silly audit   'side-channel-map': [ '1.0.1' ],
34 silly audit   'side-channel-weakmap': [ '1.0.2' ],
34 silly audit   sonner: [ '2.0.7' ],
34 silly audit   'source-map-js': [ '1.2.1' ],
34 silly audit   sshpk: [ '1.18.0' ],
34 silly audit   'stable-hash': [ '0.0.5' ],
34 silly audit   'stealthy-require': [ '1.1.1' ],
34 silly audit   'stop-iteration-iterator': [ '1.1.0' ],
34 silly audit   string_decoder: [ '1.1.1' ],
34 silly audit   'string.prototype.includes': [ '2.0.1' ],
34 silly audit   'string.prototype.matchall': [ '4.0.12' ],
34 silly audit   'string.prototype.repeat': [ '1.0.0' ],
34 silly audit   'string.prototype.trim': [ '1.2.10' ],
34 silly audit   'string.prototype.trimend': [ '1.0.9' ],
34 silly audit   'string.prototype.trimstart': [ '1.0.8' ],
34 silly audit   'strip-bom': [ '3.0.0' ],
34 silly audit   'strip-json-comments': [ '3.1.1' ],
34 silly audit   'styled-jsx': [ '5.1.6' ],
34 silly audit   'supports-color': [ '7.2.0' ],
34 silly audit   'supports-preserve-symlinks-flag': [ '1.0.0' ],
34 silly audit   'tailwind-merge': [ '3.4.0' ],
34 silly audit   tailwindcss: [ '4.1.18' ],
34 silly audit   tapable: [ '2.3.0' ],
34 silly audit   'tiny-invariant': [ '1.3.3' ],
34 silly audit   tinyglobby: [ '0.2.15' ],
34 silly audit   fdir: [ '6.5.0' ],
34 silly audit   tldts: [ '6.1.86' ],
34 silly audit   'tldts-core': [ '6.1.86' ],
34 silly audit   'to-regex-range': [ '5.0.1' ],
34 silly audit   'ts-api-utils': [ '2.4.0' ],
34 silly audit   'tsconfig-paths': [ '3.15.0' ],
34 silly audit   tslib: [ '2.8.1' ],
34 silly audit   'tunnel-agent': [ '0.6.0' ],
34 silly audit   'tw-animate-css': [ '1.4.0' ],
34 silly audit   tweetnacl: [ '0.14.5' ],
34 silly audit   'type-check': [ '0.4.0' ],
34 silly audit   'typed-array-buffer': [ '1.0.3' ],
34 silly audit   'typed-array-byte-length': [ '1.0.3' ],
34 silly audit   'typed-array-byte-offset': [ '1.0.4' ],
34 silly audit   'typed-array-length': [ '1.0.7' ],
34 silly audit   typescript: [ '5.9.3' ],
34 silly audit   'typescript-eslint': [ '8.54.0' ],
34 silly audit   'unbox-primitive': [ '1.1.0' ],
34 silly audit   'undici-types': [ '6.21.0' ],
34 silly audit   universalify: [ '0.2.0' ],
34 silly audit   'unrs-resolver': [ '1.11.1' ],
34 silly audit   'update-browserslist-db': [ '1.2.3' ],
34 silly audit   'uri-js': [ '4.4.1' ],
34 silly audit   'url-parse': [ '1.5.10' ],
34 silly audit   'use-callback-ref': [ '1.3.3' ],
34 silly audit   'use-sidecar': [ '1.1.3' ],
34 silly audit   'use-sync-external-store': [ '1.6.0' ],
34 silly audit   'util-deprecate': [ '1.0.2' ],
34 silly audit   verror: [ '1.10.0' ],
34 silly audit   'victory-vendor': [ '37.3.6' ],
34 silly audit   which: [ '2.0.2' ],
34 silly audit   'which-boxed-primitive': [ '1.1.1' ],
34 silly audit   'which-builtin-type': [ '1.2.1' ],
34 silly audit   'which-collection': [ '1.0.2' ],
34 silly audit   'which-typed-array': [ '1.1.20' ],
34 silly audit   'word-wrap': [ '1.2.5' ],
34 silly audit   wrappy: [ '1.0.2' ],
34 silly audit   ws: [ '8.19.0' ],
34 silly audit   yallist: [ '3.1.1' ],
34 silly audit   'yocto-queue': [ '0.1.0' ],
34 silly audit   zod: [ '4.3.6' ],
34 silly audit   'zod-validation-error': [ '4.0.2' ],
34 silly audit   '@tanstack/react-table': [ '8.21.3' ],
34 silly audit   '@tanstack/table-core': [ '8.21.3' ]
34 silly audit }
35 http cache @tanstack/table-core@https://registry.npmjs.org/@tanstack/table-core/-/table-core-8.21.3.tgz 0ms (cache hit)
36 http cache @tanstack/react-table@https://registry.npmjs.org/@tanstack/react-table/-/react-table-8.21.3.tgz 0ms (cache hit)
37 silly tarball no local data for @tanstack/table-core@https://registry.npmjs.org/@tanstack/table-core/-/table-core-8.21.3.tgz. Extracting by manifest.
38 silly tarball no local data for @tanstack/react-table@https://registry.npmjs.org/@tanstack/react-table/-/react-table-8.21.3.tgz. Extracting by manifest.
39 http fetch POST 200 https://registry.npmjs.org/-/npm/v1/security/advisories/bulk 310ms
40 silly audit report {
40 silly audit report   'tough-cookie': [
40 silly audit report     {
40 silly audit report       id: 1097682,
40 silly audit report       url: 'https://github.com/advisories/GHSA-72xf-g2v4-qvf3',
40 silly audit report       title: 'tough-cookie Prototype Pollution vulnerability',
40 silly audit report       severity: 'moderate',
40 silly audit report       vulnerable_versions: '<4.1.3',
40 silly audit report       cwe: [Array],
40 silly audit report       cvss: [Object]
40 silly audit report     }
40 silly audit report   ],
40 silly audit report   'form-data': [
40 silly audit report     {
40 silly audit report       id: 1109540,
40 silly audit report       url: 'https://github.com/advisories/GHSA-fjxv-7rqg-78g4',
40 silly audit report       title: 'form-data uses unsafe random function in form-data for choosing boundary',
40 silly audit report       severity: 'critical',
40 silly audit report       vulnerable_versions: '<2.5.4',
40 silly audit report       cwe: [Array],
40 silly audit report       cvss: [Object]
40 silly audit report     }
40 silly audit report   ],
40 silly audit report   qs: [
40 silly audit report     {
40 silly audit report       id: 1111755,
40 silly audit report       url: 'https://github.com/advisories/GHSA-6rw7-vpxm-498p',
40 silly audit report       title: "qs's arrayLimit bypass in its bracket notation allows DoS via memory exhaustion",
40 silly audit report       severity: 'high',
40 silly audit report       vulnerable_versions: '<6.14.1',
40 silly audit report       cwe: [Array],
40 silly audit report       cvss: [Object]
40 silly audit report     }
40 silly audit report   ],
40 silly audit report   request: [
40 silly audit report     {
40 silly audit report       id: 1096727,
40 silly audit report       url: 'https://github.com/advisories/GHSA-p8p7-x288-28g6',
40 silly audit report       title: 'Server-Side Request Forgery in Request',
40 silly audit report       severity: 'moderate',
40 silly audit report       vulnerable_versions: '<=2.88.2',
40 silly audit report       cwe: [Array],
40 silly audit report       cvss: [Object]
40 silly audit report     }
40 silly audit report   ]
40 silly audit report }
41 silly packumentCache corgi:https://registry.npmjs.org/tough-cookie cache-miss
42 silly packumentCache corgi:https://registry.npmjs.org/form-data cache-miss
43 silly packumentCache corgi:https://registry.npmjs.org/qs cache-miss
44 silly packumentCache corgi:https://registry.npmjs.org/request cache-miss
45 http cache https://registry.npmjs.org/form-data 5ms (cache hit)
46 silly packumentCache corgi:https://registry.npmjs.org/form-data set size:51426 disposed:false
47 http cache https://registry.npmjs.org/tough-cookie 6ms (cache hit)
48 silly packumentCache corgi:https://registry.npmjs.org/tough-cookie set size:55049 disposed:false
49 http cache https://registry.npmjs.org/request 6ms (cache hit)
50 silly packumentCache corgi:https://registry.npmjs.org/request set size:129997 disposed:false
51 http cache https://registry.npmjs.org/qs 7ms (cache hit)
52 silly packumentCache corgi:https://registry.npmjs.org/qs set size:111251 disposed:false
53 silly packumentCache corgi:https://registry.npmjs.org/request-promise-core cache-miss
54 http cache https://registry.npmjs.org/request-promise-core 1ms (cache hit)
55 silly packumentCache corgi:https://registry.npmjs.org/request-promise-core set size:6997 disposed:false
56 silly packumentCache corgi:https://registry.npmjs.org/@cypress%2frequest-promise cache-miss
57 http cache https://registry.npmjs.org/@cypress%2frequest-promise 1ms (cache hit)
58 silly packumentCache corgi:https://registry.npmjs.org/@cypress%2frequest-promise set size:4166 disposed:false
59 silly packumentCache corgi:https://registry.npmjs.org/node-telegram-bot-api cache-miss
60 http cache https://registry.npmjs.org/node-telegram-bot-api 2ms (cache hit)
61 silly packumentCache corgi:https://registry.npmjs.org/node-telegram-bot-api set size:90673 disposed:false
62 http fetch GET 200 https://registry.npmjs.org/@tanstack/react-table/-/react-table-8.21.3.tgz 682ms (cache miss)
63 http fetch GET 200 https://registry.npmjs.org/@tanstack/table-core/-/table-core-8.21.3.tgz 908ms (cache miss)
64 silly ADD node_modules/@tanstack/table-core
65 silly ADD node_modules/@tanstack/react-table
66 verbose cwd /Users/timur/maan-crm
67 verbose os Darwin 25.2.0
68 verbose node v24.12.0
69 verbose npm  v11.6.2
70 verbose exit 0
71 info ok
